<?xml version="1.0" encoding="UTF-8"?>
<testsuite xmlns:xsi="http://www.w3.org/2001/XMLSchema-instance" xsi:noNamespaceSchemaLocation="https://maven.apache.org/surefire/maven-surefire-plugin/xsd/surefire-test-report-3.0.xsd" version="3.0" name="com.bibliotechhub.core.BibliotechHubCoreApplicationTests" time="5.601" tests="1" errors="0" skipped="0" failures="0">
  <properties>
[...]
</properties>
  <testcase name="contextLoads" classname="com.bibliotechhub.core.BibliotechHubCoreApplicationTests" time="0.74">
    <system-out><![CDATA[17:30:00.782 [main] INFO org.springframework.test.context.support.AnnotationConfigContextLoaderUtils -- Could not detect default configuration classes for test class [com.bibliotechhub.core.BibliotechHubCoreApplicationTests]: BibliotechHubCoreApplicationTests does not declare any static, non-private, non-final, nested classes annotated with @Configuration.
17:30:00.890 [main] INFO org.springframework.boot.test.context.SpringBootTestContextBootstrapper -- Found @SpringBootConfiguration com.bibliotechhub.core.BibliotechHubCoreApplication for test class com.bibliotechhub.core.BibliotechHubCoreApplicationTests

  .   ____          _            __ _ _
 /\\ / ___'_ __ _ _(_)_ __  __ _ \ \ \ \
( ( )\___ | '_ | '_| | '_ \/ _` | \ \ \ \
 \\/  ___)| |_)| | | | | || (_| |  ) ) ) )
  '  |____| .__|_| |_|_| |_\__, | / / / /
 =========|_|==============|___/=/_/_/_/
 :: Spring Boot ::                (v3.1.0)

2024-01-13T17:30:01.367+01:00  INFO 18660 --- [           main] c.b.c.BibliotechHubCoreApplicationTests  : Starting BibliotechHubCoreApplicationTests using Java 17.0.7 with PID 18660 (started by kbensaad in C:\Tools\projects\BibliotechHub\bibliotechhub-core)
2024-01-13T17:30:01.368+01:00  INFO 18660 --- [           main] c.b.c.BibliotechHubCoreApplicationTests  : No active profile set, falling back to 1 default profile: "default"
2024-01-13T17:30:02.140+01:00  INFO 18660 --- [           main] .s.d.r.c.RepositoryConfigurationDelegate : Bootstrapping Spring Data JPA repositories in DEFAULT mode.
2024-01-13T17:30:02.204+01:00  INFO 18660 --- [           main] .s.d.r.c.RepositoryConfigurationDelegate : Finished Spring Data repository scanning in 55 ms. Found 1 JPA repository interfaces.
2024-01-13T17:30:02.703+01:00  INFO 18660 --- [           main] o.hibernate.jpa.internal.util.LogHelper  : HHH000204: Processing PersistenceUnitInfo [name: default]
2024-01-13T17:30:02.777+01:00  INFO 18660 --- [           main] org.hibernate.Version                    : HHH000412: Hibernate ORM core version 6.2.2.Final
2024-01-13T17:30:02.780+01:00  INFO 18660 --- [           main] org.hibernate.cfg.Environment            : HHH000406: Using bytecode reflection optimizer
2024-01-13T17:30:03.015+01:00  INFO 18660 --- [           main] o.h.b.i.BytecodeProviderInitiator        : HHH000021: Bytecode provider name : bytebuddy
2024-01-13T17:30:03.168+01:00  INFO 18660 --- [           main] o.s.o.j.p.SpringPersistenceUnitInfo      : No LoadTimeWeaver setup: ignoring JPA class transformer
2024-01-13T17:30:03.186+01:00  INFO 18660 --- [           main] com.zaxxer.hikari.HikariDataSource       : HikariPool-1 - Starting...
2024-01-13T17:30:03.343+01:00  INFO 18660 --- [           main] com.zaxxer.hikari.pool.HikariPool        : HikariPool-1 - Added connection org.postgresql.jdbc.PgConnection@401788d5
2024-01-13T17:30:03.346+01:00  INFO 18660 --- [           main] com.zaxxer.hikari.HikariDataSource       : HikariPool-1 - Start completed.
2024-01-13T17:30:03.544+01:00  INFO 18660 --- [           main] org.hibernate.orm.dialect                : HHH035001: Using dialect: org.hibernate.dialect.PostgreSQLDialect, version: org.hibernate.engine.jdbc.env.internal.JdbcEnvironmentInitiator$DialectResolutionInfoImpl@2049e582
2024-01-13T17:30:03.804+01:00  INFO 18660 --- [           main] o.h.b.i.BytecodeProviderInitiator        : HHH000021: Bytecode provider name : bytebuddy
2024-01-13T17:30:04.449+01:00  INFO 18660 --- [           main] o.h.e.t.j.p.i.JtaPlatformInitiator       : HHH000490: Using JtaPlatform implementation: [org.hibernate.engine.transaction.jta.platform.internal.NoJtaPlatform]
2024-01-13T17:30:04.486+01:00  INFO 18660 --- [           main] o.h.t.s.i.e.GenerationTargetToDatabase   : HHH000476: Executing script '[injected ScriptSourceInputNonExistentImpl script]'
2024-01-13T17:30:04.487+01:00  INFO 18660 --- [           main] j.LocalContainerEntityManagerFactoryBean : Initialized JPA EntityManagerFactory for persistence unit 'default'
2024-01-13T17:30:04.945+01:00  WARN 18660 --- [           main] JpaBaseConfiguration$JpaWebConfiguration : spring.jpa.open-in-view is enabled by default. Therefore, database queries may be performed during view rendering. Explicitly configure spring.jpa.open-in-view to disable this warning
2024-01-13T17:30:05.436+01:00  INFO 18660 --- [           main] c.b.c.BibliotechHubCoreApplicationTests  : Started BibliotechHubCoreApplicationTests in 4.374 seconds (process running for 5.476)
]]></system-out>
  </testcase>
</testsuite>